<?xml version="1.0" encoding="UTF-8"?>
<testng-results skipped="0" failed="0" total="1" passed="1">
  <reporter-output>
  </reporter-output>
  <suite name="Default suite" duration-ms="32043" started-at="2014-02-07T14:37:45Z" finished-at="2014-02-07T14:38:17Z">
    <groups>
    </groups>
    <test name="Default test" duration-ms="32043" started-at="2014-02-07T14:37:45Z" finished-at="2014-02-07T14:38:17Z">
      <class name="com.shegula.pages.SkorozvonTests">
        <test-method status="PASS" signature="init()[pri:0, instance:com.shegula.pages.SkorozvonTests@13417588]" name="init" is-config="true" duration-ms="10914" started-at="2014-02-07T16:37:45Z" finished-at="2014-02-07T16:37:56Z">
          <reporter-output>
          </reporter-output>
        </test-method> <!-- init -->
        <test-method status="PASS" signature="testInit(java.lang.String)[pri:0, instance:com.shegula.pages.SkorozvonTests@13417588]" name="testInit" is-config="true" duration-ms="3471" started-at="2014-02-07T16:37:56Z" finished-at="2014-02-07T16:37:59Z">
          <params>
            <param index="0">
              <value>
                <![CDATA[/]]>
              </value>
            </param>
          </params>
          <reporter-output>
          </reporter-output>
        </test-method> <!-- testInit -->
        <test-method status="PASS" signature="testLogin()[pri:0, instance:com.shegula.pages.SkorozvonTests@13417588]" name="testLogin" duration-ms="17618" started-at="2014-02-07T16:37:59Z" finished-at="2014-02-07T16:38:17Z">
          <reporter-output>
          </reporter-output>
        </test-method> <!-- testLogin -->
        <test-method status="PASS" signature="tearDown()[pri:0, instance:com.shegula.pages.SkorozvonTests@13417588]" name="tearDown" is-config="true" duration-ms="724" started-at="2014-02-07T16:38:17Z" finished-at="2014-02-07T16:38:18Z">
          <reporter-output>
          </reporter-output>
        </test-method> <!-- tearDown -->
      </class> <!-- com.shegula.pages.SkorozvonTests -->
    </test> <!-- Default test -->
  </suite> <!-- Default suite -->
</testng-results>
